<?xml version="1.0" encoding="UTF-8"?>
<!-- Generated by org.testng.reporters.JUnitReportReporter -->
<testsuite skipped="0" hostname="PeymanPC" name="Run.Forgot_psswd" tests="1" failures="0" timestamp="2020-02-23T11:37:48 EST" time="1.822" errors="0">
  <testcase name="f" time="1.822" classname="Run.Forgot_psswd"/>
</testsuite> <!-- Run.Forgot_psswd -->
