<?xml version="1.0" encoding="UTF-8"?>
<!-- Generated by org.testng.reporters.JUnitReportReporter -->
<testsuite skipped="0" hostname="PeymanPC" name="Run.Home_Site" tests="1" failures="0" timestamp="2020-02-23T11:37:48 EST" time="2.853" errors="0">
  <testcase name="f" time="2.853" classname="Run.Home_Site"/>
</testsuite> <!-- Run.Home_Site -->
